<?xml version="1.0" encoding="UTF-8"?>
<!-- Generated by org.testng.reporters.JUnitXMLReporter -->
<testsuite hostname="ATMECSINLT-084" ignored="0" name="Test" tests="1" failures="0" timestamp="2019-11-11T11:19:42 IST" time="0.11" errors="0">
  <testcase name="@BeforeTest open_Url" time="0.019" classname="com.atmecs.testscripts.HotSauce">
    <failure type="java.lang.NullPointerException">
      <![CDATA[java.lang.NullPointerException
at com.atmecs.tutorialsninja.utils.UtilityFiles.geturl(UtilityFiles.java:73)
at com.atmecs.testscripts.HotSauce.open_Url(HotSauce.java:24)
... Removed 24 stack frames]]>
    </failure>
  </testcase> <!-- @BeforeTest open_Url -->
  <testcase name="@BeforeClass browserSelect" time="-1.573451382644E9" classname="com.atmecs.tutorialsninja.testbase.TestSuiteBase">
    <skipped/>
  </testcase> <!-- @BeforeClass browserSelect -->
  <testcase name="@AfterClass browserQuit" time="-1.573451382677E9" classname="com.atmecs.tutorialsninja.testbase.TestSuiteBase">
    <skipped/>
  </testcase> <!-- @AfterClass browserQuit -->
  <testcase name="home_page" time="0.0" classname="com.atmecs.testscripts.HotSauce">
    <skipped/>
  </testcase> <!-- home_page -->
</testsuite> <!-- Test -->
